app/build/intermediates/manifest_merge_blame_file/debug/manifest-merger-blame-debug-report.txt
1<?xml version="1.0" encoding="utf-8"?>
2<manifest xmlns:android="http://schemas.android.com/apk/res/android"
3    package="com.google.firebase.quickstart.fcm"
4    android:versionCode="1"
5    android:versionName="1.0" >
6
7    <uses-sdk
8        android:minSdkVersion="16"
8-->src/main/AndroidManifest.xml
9        android:targetSdkVersion="29" />
9-->src/main/AndroidManifest.xml
10
11    <uses-permission android:name="android.permission.INTERNET" />
11-->[com.google.android.gms:play-services-measurement-api:17.2.1] AndroidManifest.xml:22:5-67
11-->[com.google.android.gms:play-services-measurement-api:17.2.1] AndroidManifest.xml:22:22-64
12    <uses-permission android:name="android.permission.ACCESS_NETWORK_STATE" />
12-->[com.google.android.gms:play-services-measurement-api:17.2.1] AndroidManifest.xml:23:5-79
12-->[com.google.android.gms:play-services-measurement-api:17.2.1] AndroidManifest.xml:23:22-76
13    <uses-permission android:name="android.permission.WAKE_LOCK" /> <!-- Required by older versions of Google Play services to create IID tokens -->
13-->[com.google.android.gms:play-services-measurement-api:17.2.1] AndroidManifest.xml:24:5-68
13-->[com.google.android.gms:play-services-measurement-api:17.2.1] AndroidManifest.xml:24:22-65
14    <uses-permission android:name="com.google.android.c2dm.permission.RECEIVE" />
14-->[com.google.firebase:firebase-iid:20.0.2] AndroidManifest.xml:26:5-82
14-->[com.google.firebase:firebase-iid:20.0.2] AndroidManifest.xml:26:22-79
15    <uses-permission android:name="com.google.android.finsky.permission.BIND_GET_INSTALL_REFERRER_SERVICE" />
15-->[com.google.android.gms:play-services-measurement:17.2.1] AndroidManifest.xml:26:5-110
15-->[com.google.android.gms:play-services-measurement:17.2.1] AndroidManifest.xml:26:22-107
16    <uses-permission android:name="android.permission.RECEIVE_BOOT_COMPLETED" />
16-->[android.arch.work:work-runtime:1.0.1] AndroidManifest.xml:25:5-81
16-->[android.arch.work:work-runtime:1.0.1] AndroidManifest.xml:25:22-78
17
18    <application
18-->src/main/AndroidManifest.xml:6:5-59:19
19        android:allowBackup="true"
19-->src/main/AndroidManifest.xml:7:9-35
20        android:appComponentFactory="androidx.core.app.CoreComponentFactory"
20-->[androidx.core:core:1.1.0] AndroidManifest.xml:24:18-86
21        android:debuggable="true"
22        android:icon="@mipmap/ic_launcher"
22-->src/main/AndroidManifest.xml:8:9-43
23        android:label="@string/app_name"
23-->src/main/AndroidManifest.xml:9:9-41
24        android:testOnly="true"
25        android:theme="@style/AppTheme" >
25-->src/main/AndroidManifest.xml:10:9-40
26        <activity android:name="com.google.firebase.quickstart.fcm.java.OfferList" />
26-->src/main/AndroidManifest.xml:12:9-61
26-->src/main/AndroidManifest.xml:12:19-49
27        <!-- [START fcm_default_icon] -->
28        <!--
29 Set custom default icon. This is used when no icon is set for incoming notification messages.
30             See README(https://goo.gl/l4GJaQ) for more.
31        -->
32        <meta-data
32-->src/main/AndroidManifest.xml:18:9-20:68
33            android:name="com.google.firebase.messaging.default_notification_icon"
33-->src/main/AndroidManifest.xml:19:13-83
34            android:resource="@drawable/ic_stat_ic_notification" />
34-->src/main/AndroidManifest.xml:20:13-65
35        <!--
36 Set color used with incoming notification messages. This is used when no color is set for the incoming
37             notification message. See README(https://goo.gl/6BKBk7) for more.
38        -->
39        <meta-data
39-->src/main/AndroidManifest.xml:25:9-27:53
40            android:name="com.google.firebase.messaging.default_notification_color"
40-->src/main/AndroidManifest.xml:26:13-84
41            android:resource="@color/colorAccent" /> <!-- [END fcm_default_icon] -->
41-->src/main/AndroidManifest.xml:27:13-50
42        <!-- [START fcm_default_channel] -->
43        <meta-data
43-->src/main/AndroidManifest.xml:29:9-31:71
44            android:name="com.google.firebase.messaging.default_notification_channel_id"
44-->src/main/AndroidManifest.xml:30:13-89
45            android:value="@string/default_notification_channel_id" /> <!-- [END fcm_default_channel] -->
45-->src/main/AndroidManifest.xml:31:13-68
46        <activity
46-->src/main/AndroidManifest.xml:32:9-40:20
47            android:name="com.google.firebase.quickstart.fcm.EntryChoiceActivity"
47-->src/main/AndroidManifest.xml:33:13-48
48            android:label="@string/app_name" >
48-->src/main/AndroidManifest.xml:34:13-45
49            <intent-filter>
49-->src/main/AndroidManifest.xml:35:13-39:29
50                <action android:name="android.intent.action.MAIN" />
50-->src/main/AndroidManifest.xml:36:17-69
50-->src/main/AndroidManifest.xml:36:25-66
51
52                <category android:name="android.intent.category.LAUNCHER" />
52-->src/main/AndroidManifest.xml:38:17-77
52-->src/main/AndroidManifest.xml:38:27-74
53            </intent-filter>
54        </activity>
55        <activity android:name="com.google.firebase.quickstart.fcm.kotlin.MainActivity" />
55-->src/main/AndroidManifest.xml:41:9-57
55-->src/main/AndroidManifest.xml:41:19-54
56        <activity android:name="com.google.firebase.quickstart.fcm.java.MainActivity" />
56-->src/main/AndroidManifest.xml:42:9-55
56-->src/main/AndroidManifest.xml:42:19-52
57
58        <service
58-->src/main/AndroidManifest.xml:44:9-51:19
59            android:name="com.google.firebase.quickstart.fcm.kotlin.MyFirebaseMessagingService"
59-->src/main/AndroidManifest.xml:45:13-62
60            android:exported="false" >
60-->src/main/AndroidManifest.xml:46:13-37
61
62            <!-- <intent-filter> -->
63            <!-- <action android:name="com.google.firebase.MESSAGING_EVENT" /> -->
64            <!-- </intent-filter> -->
65        </service> <!-- [START firebase_service] -->
66        <service
66-->src/main/AndroidManifest.xml:52:9-58:19
67            android:name="com.google.firebase.quickstart.fcm.java.MyFirebaseMessagingService"
67-->src/main/AndroidManifest.xml:53:13-60
68            android:exported="false" >
68-->src/main/AndroidManifest.xml:54:13-37
69            <intent-filter>
69-->src/main/AndroidManifest.xml:55:13-57:29
70                <action android:name="com.google.firebase.MESSAGING_EVENT" />
70-->src/main/AndroidManifest.xml:56:17-78
70-->src/main/AndroidManifest.xml:56:25-75
71            </intent-filter>
72        </service>
73        <!--
74             FirebaseMessagingService performs security checks at runtime,
75             but set to not exported to explicitly avoid allowing another app to call it.
76        -->
77        <service
77-->[com.google.firebase:firebase-messaging:20.1.0] AndroidManifest.xml:28:9-34:19
78            android:name="com.google.firebase.messaging.FirebaseMessagingService"
78-->[com.google.firebase:firebase-messaging:20.1.0] AndroidManifest.xml:29:13-82
79            android:exported="false" >
79-->[com.google.firebase:firebase-messaging:20.1.0] AndroidManifest.xml:30:13-37
80            <intent-filter android:priority="-500" >
80-->src/main/AndroidManifest.xml:55:13-57:29
81                <action android:name="com.google.firebase.MESSAGING_EVENT" />
81-->src/main/AndroidManifest.xml:56:17-78
81-->src/main/AndroidManifest.xml:56:25-75
82            </intent-filter>
83        </service>
84        <service
84-->[com.google.firebase:firebase-messaging:20.1.0] AndroidManifest.xml:35:9-41:19
85            android:name="com.google.firebase.components.ComponentDiscoveryService"
85-->[com.google.firebase:firebase-messaging:20.1.0] AndroidManifest.xml:36:13-84
86            android:directBootAware="true"
86-->[com.google.firebase:firebase-common:19.3.0] AndroidManifest.xml:34:13-43
87            android:exported="false" >
87-->[com.google.firebase:firebase-messaging:20.1.0] AndroidManifest.xml:37:13-37
88            <meta-data
88-->[com.google.firebase:firebase-messaging:20.1.0] AndroidManifest.xml:38:13-40:85
89                android:name="com.google.firebase.components:com.google.firebase.messaging.FirebaseMessagingRegistrar"
89-->[com.google.firebase:firebase-messaging:20.1.0] AndroidManifest.xml:39:17-119
90                android:value="com.google.firebase.components.ComponentRegistrar" />
90-->[com.google.firebase:firebase-messaging:20.1.0] AndroidManifest.xml:40:17-82
91            <meta-data
91-->[com.google.android.gms:play-services-measurement-api:17.2.1] AndroidManifest.xml:30:13-32:85
92                android:name="com.google.firebase.components:com.google.firebase.analytics.connector.internal.AnalyticsConnectorRegistrar"
92-->[com.google.android.gms:play-services-measurement-api:17.2.1] AndroidManifest.xml:31:17-139
93                android:value="com.google.firebase.components.ComponentRegistrar" />
93-->[com.google.android.gms:play-services-measurement-api:17.2.1] AndroidManifest.xml:32:17-82
94            <meta-data
94-->[com.google.firebase:firebase-iid:20.0.2] AndroidManifest.xml:32:13-34:85
95                android:name="com.google.firebase.components:com.google.firebase.iid.Registrar"
95-->[com.google.firebase:firebase-iid:20.0.2] AndroidManifest.xml:33:17-96
96                android:value="com.google.firebase.components.ComponentRegistrar" />
96-->[com.google.firebase:firebase-iid:20.0.2] AndroidManifest.xml:34:17-82
97            <meta-data
97-->[com.google.firebase:firebase-datatransport:17.0.3] AndroidManifest.xml:28:13-30:85
98                android:name="com.google.firebase.components:com.google.firebase.datatransport.TransportRegistrar"
98-->[com.google.firebase:firebase-datatransport:17.0.3] AndroidManifest.xml:29:17-115
99                android:value="com.google.firebase.components.ComponentRegistrar" />
99-->[com.google.firebase:firebase-datatransport:17.0.3] AndroidManifest.xml:30:17-82
100        </service>
101
102        <receiver
102-->[com.google.firebase:firebase-iid:20.0.2] AndroidManifest.xml:37:9-44:20
103            android:name="com.google.firebase.iid.FirebaseInstanceIdReceiver"
103-->[com.google.firebase:firebase-iid:20.0.2] AndroidManifest.xml:38:13-78
104            android:exported="true"
104-->[com.google.firebase:firebase-iid:20.0.2] AndroidManifest.xml:39:13-36
105            android:permission="com.google.android.c2dm.permission.SEND" >
105-->[com.google.firebase:firebase-iid:20.0.2] AndroidManifest.xml:40:13-73
106            <intent-filter>
106-->[com.google.firebase:firebase-iid:20.0.2] AndroidManifest.xml:41:13-43:29
107                <action android:name="com.google.android.c2dm.intent.RECEIVE" />
107-->[com.google.firebase:firebase-iid:20.0.2] AndroidManifest.xml:42:17-81
107-->[com.google.firebase:firebase-iid:20.0.2] AndroidManifest.xml:42:25-78
108            </intent-filter>
109        </receiver>
110        <receiver
110-->[com.google.android.gms:play-services-measurement:17.2.1] AndroidManifest.xml:29:9-33:20
111            android:name="com.google.android.gms.measurement.AppMeasurementReceiver"
111-->[com.google.android.gms:play-services-measurement:17.2.1] AndroidManifest.xml:30:13-85
112            android:enabled="true"
112-->[com.google.android.gms:play-services-measurement:17.2.1] AndroidManifest.xml:31:13-35
113            android:exported="false" >
113-->[com.google.android.gms:play-services-measurement:17.2.1] AndroidManifest.xml:32:13-37
114        </receiver>
115        <receiver
115-->[com.google.android.gms:play-services-measurement:17.2.1] AndroidManifest.xml:34:9-42:20
116            android:name="com.google.android.gms.measurement.AppMeasurementInstallReferrerReceiver"
116-->[com.google.android.gms:play-services-measurement:17.2.1] AndroidManifest.xml:35:13-100
117            android:enabled="true"
117-->[com.google.android.gms:play-services-measurement:17.2.1] AndroidManifest.xml:36:13-35
118            android:exported="true"
118-->[com.google.android.gms:play-services-measurement:17.2.1] AndroidManifest.xml:37:13-36
119            android:permission="android.permission.INSTALL_PACKAGES" >
119-->[com.google.android.gms:play-services-measurement:17.2.1] AndroidManifest.xml:38:13-69
120            <intent-filter>
120-->[com.google.android.gms:play-services-measurement:17.2.1] AndroidManifest.xml:39:13-41:29
121                <action android:name="com.android.vending.INSTALL_REFERRER" />
121-->[com.google.android.gms:play-services-measurement:17.2.1] AndroidManifest.xml:40:17-79
121-->[com.google.android.gms:play-services-measurement:17.2.1] AndroidManifest.xml:40:25-76
122            </intent-filter>
123        </receiver>
124
125        <service
125-->[com.google.android.gms:play-services-measurement:17.2.1] AndroidManifest.xml:44:9-47:40
126            android:name="com.google.android.gms.measurement.AppMeasurementService"
126-->[com.google.android.gms:play-services-measurement:17.2.1] AndroidManifest.xml:45:13-84
127            android:enabled="true"
127-->[com.google.android.gms:play-services-measurement:17.2.1] AndroidManifest.xml:46:13-35
128            android:exported="false" />
128-->[com.google.android.gms:play-services-measurement:17.2.1] AndroidManifest.xml:47:13-37
129        <service
129-->[com.google.android.gms:play-services-measurement:17.2.1] AndroidManifest.xml:48:9-52:72
130            android:name="com.google.android.gms.measurement.AppMeasurementJobService"
130-->[com.google.android.gms:play-services-measurement:17.2.1] AndroidManifest.xml:49:13-87
131            android:enabled="true"
131-->[com.google.android.gms:play-services-measurement:17.2.1] AndroidManifest.xml:50:13-35
132            android:exported="false"
132-->[com.google.android.gms:play-services-measurement:17.2.1] AndroidManifest.xml:51:13-37
133            android:permission="android.permission.BIND_JOB_SERVICE" />
133-->[com.google.android.gms:play-services-measurement:17.2.1] AndroidManifest.xml:52:13-69
134
135        <provider
135-->[com.google.firebase:firebase-common:19.3.0] AndroidManifest.xml:26:9-30:39
136            android:name="com.google.firebase.provider.FirebaseInitProvider"
136-->[com.google.firebase:firebase-common:19.3.0] AndroidManifest.xml:27:13-77
137            android:authorities="com.google.firebase.quickstart.fcm.firebaseinitprovider"
137-->[com.google.firebase:firebase-common:19.3.0] AndroidManifest.xml:28:13-72
138            android:exported="false"
138-->[com.google.firebase:firebase-common:19.3.0] AndroidManifest.xml:29:13-37
139            android:initOrder="100" />
139-->[com.google.firebase:firebase-common:19.3.0] AndroidManifest.xml:30:13-36
140
141        <activity
141-->[com.google.android.gms:play-services-base:17.0.0] AndroidManifest.xml:23:9-26:75
142            android:name="com.google.android.gms.common.api.GoogleApiActivity"
142-->[com.google.android.gms:play-services-base:17.0.0] AndroidManifest.xml:24:13-79
143            android:exported="false"
143-->[com.google.android.gms:play-services-base:17.0.0] AndroidManifest.xml:25:13-37
144            android:theme="@android:style/Theme.Translucent.NoTitleBar" />
144-->[com.google.android.gms:play-services-base:17.0.0] AndroidManifest.xml:26:13-72
145
146        <meta-data
146-->[com.google.android.gms:play-services-basement:17.0.0] AndroidManifest.xml:23:9-25:69
147            android:name="com.google.android.gms.version"
147-->[com.google.android.gms:play-services-basement:17.0.0] AndroidManifest.xml:24:13-58
148            android:value="@integer/google_play_services_version" />
148-->[com.google.android.gms:play-services-basement:17.0.0] AndroidManifest.xml:25:13-66
149
150        <provider
150-->[android.arch.work:work-runtime:1.0.1] AndroidManifest.xml:28:9-34:35
151            android:name="androidx.work.impl.WorkManagerInitializer"
151-->[android.arch.work:work-runtime:1.0.1] AndroidManifest.xml:29:13-69
152            android:authorities="com.google.firebase.quickstart.fcm.workmanager-init"
152-->[android.arch.work:work-runtime:1.0.1] AndroidManifest.xml:30:13-68
153            android:directBootAware="false"
153-->[android.arch.work:work-runtime:1.0.1] AndroidManifest.xml:31:13-44
154            android:exported="false"
154-->[android.arch.work:work-runtime:1.0.1] AndroidManifest.xml:32:13-37
155            android:multiprocess="true" />
155-->[android.arch.work:work-runtime:1.0.1] AndroidManifest.xml:33:13-40
156
157        <service
157-->[android.arch.work:work-runtime:1.0.1] AndroidManifest.xml:36:9-41:35
158            android:name="androidx.work.impl.background.systemalarm.SystemAlarmService"
158-->[android.arch.work:work-runtime:1.0.1] AndroidManifest.xml:37:13-88
159            android:directBootAware="false"
159-->[android.arch.work:work-runtime:1.0.1] AndroidManifest.xml:38:13-44
160            android:enabled="@bool/enable_system_alarm_service_default"
160-->[android.arch.work:work-runtime:1.0.1] AndroidManifest.xml:39:13-72
161            android:exported="false" />
161-->[android.arch.work:work-runtime:1.0.1] AndroidManifest.xml:40:13-37
162        <service
162-->[android.arch.work:work-runtime:1.0.1] AndroidManifest.xml:42:9-48:35
163            android:name="androidx.work.impl.background.systemjob.SystemJobService"
163-->[android.arch.work:work-runtime:1.0.1] AndroidManifest.xml:43:13-84
164            android:directBootAware="false"
164-->[android.arch.work:work-runtime:1.0.1] AndroidManifest.xml:44:13-44
165            android:enabled="@bool/enable_system_job_service_default"
165-->[android.arch.work:work-runtime:1.0.1] AndroidManifest.xml:45:13-70
166            android:exported="true"
166-->[android.arch.work:work-runtime:1.0.1] AndroidManifest.xml:46:13-36
167            android:permission="android.permission.BIND_JOB_SERVICE" />
167-->[android.arch.work:work-runtime:1.0.1] AndroidManifest.xml:47:13-69
168
169        <receiver
169-->[android.arch.work:work-runtime:1.0.1] AndroidManifest.xml:50:9-55:35
170            android:name="androidx.work.impl.utils.ForceStopRunnable$BroadcastReceiver"
170-->[android.arch.work:work-runtime:1.0.1] AndroidManifest.xml:51:13-88
171            android:directBootAware="false"
171-->[android.arch.work:work-runtime:1.0.1] AndroidManifest.xml:52:13-44
172            android:enabled="true"
172-->[android.arch.work:work-runtime:1.0.1] AndroidManifest.xml:53:13-35
173            android:exported="false" />
173-->[android.arch.work:work-runtime:1.0.1] AndroidManifest.xml:54:13-37
174        <receiver
174-->[android.arch.work:work-runtime:1.0.1] AndroidManifest.xml:56:9-66:20
175            android:name="androidx.work.impl.background.systemalarm.ConstraintProxy$BatteryChargingProxy"
175-->[android.arch.work:work-runtime:1.0.1] AndroidManifest.xml:57:13-106
176            android:directBootAware="false"
176-->[android.arch.work:work-runtime:1.0.1] AndroidManifest.xml:58:13-44
177            android:enabled="false"
177-->[android.arch.work:work-runtime:1.0.1] AndroidManifest.xml:59:13-36
178            android:exported="false" >
178-->[android.arch.work:work-runtime:1.0.1] AndroidManifest.xml:60:13-37
179            <intent-filter>
179-->[android.arch.work:work-runtime:1.0.1] AndroidManifest.xml:62:13-65:29
180                <action android:name="android.intent.action.ACTION_POWER_CONNECTED" />
180-->[android.arch.work:work-runtime:1.0.1] AndroidManifest.xml:63:17-87
180-->[android.arch.work:work-runtime:1.0.1] AndroidManifest.xml:63:25-84
181                <action android:name="android.intent.action.ACTION_POWER_DISCONNECTED" />
181-->[android.arch.work:work-runtime:1.0.1] AndroidManifest.xml:64:17-90
181-->[android.arch.work:work-runtime:1.0.1] AndroidManifest.xml:64:25-87
182            </intent-filter>
183        </receiver>
184        <receiver
184-->[android.arch.work:work-runtime:1.0.1] AndroidManifest.xml:67:9-77:20
185            android:name="androidx.work.impl.background.systemalarm.ConstraintProxy$BatteryNotLowProxy"
185-->[android.arch.work:work-runtime:1.0.1] AndroidManifest.xml:68:13-104
186            android:directBootAware="false"
186-->[android.arch.work:work-runtime:1.0.1] AndroidManifest.xml:69:13-44
187            android:enabled="false"
187-->[android.arch.work:work-runtime:1.0.1] AndroidManifest.xml:70:13-36
188            android:exported="false" >
188-->[android.arch.work:work-runtime:1.0.1] AndroidManifest.xml:71:13-37
189            <intent-filter>
189-->[android.arch.work:work-runtime:1.0.1] AndroidManifest.xml:73:13-76:29
190                <action android:name="android.intent.action.BATTERY_OKAY" />
190-->[android.arch.work:work-runtime:1.0.1] AndroidManifest.xml:74:17-77
190-->[android.arch.work:work-runtime:1.0.1] AndroidManifest.xml:74:25-74
191                <action android:name="android.intent.action.BATTERY_LOW" />
191-->[android.arch.work:work-runtime:1.0.1] AndroidManifest.xml:75:17-76
191-->[android.arch.work:work-runtime:1.0.1] AndroidManifest.xml:75:25-73
192            </intent-filter>
193        </receiver>
194        <receiver
194-->[android.arch.work:work-runtime:1.0.1] AndroidManifest.xml:78:9-88:20
195            android:name="androidx.work.impl.background.systemalarm.ConstraintProxy$StorageNotLowProxy"
195-->[android.arch.work:work-runtime:1.0.1] AndroidManifest.xml:79:13-104
196            android:directBootAware="false"
196-->[android.arch.work:work-runtime:1.0.1] AndroidManifest.xml:80:13-44
197            android:enabled="false"
197-->[android.arch.work:work-runtime:1.0.1] AndroidManifest.xml:81:13-36
198            android:exported="false" >
198-->[android.arch.work:work-runtime:1.0.1] AndroidManifest.xml:82:13-37
199            <intent-filter>
199-->[android.arch.work:work-runtime:1.0.1] AndroidManifest.xml:84:13-87:29
200                <action android:name="android.intent.action.DEVICE_STORAGE_LOW" />
200-->[android.arch.work:work-runtime:1.0.1] AndroidManifest.xml:85:17-83
200-->[android.arch.work:work-runtime:1.0.1] AndroidManifest.xml:85:25-80
201                <action android:name="android.intent.action.DEVICE_STORAGE_OK" />
201-->[android.arch.work:work-runtime:1.0.1] AndroidManifest.xml:86:17-82
201-->[android.arch.work:work-runtime:1.0.1] AndroidManifest.xml:86:25-79
202            </intent-filter>
203        </receiver>
204        <receiver
204-->[android.arch.work:work-runtime:1.0.1] AndroidManifest.xml:89:9-98:20
205            android:name="androidx.work.impl.background.systemalarm.ConstraintProxy$NetworkStateProxy"
205-->[android.arch.work:work-runtime:1.0.1] AndroidManifest.xml:90:13-103
206            android:directBootAware="false"
206-->[android.arch.work:work-runtime:1.0.1] AndroidManifest.xml:91:13-44
207            android:enabled="false"
207-->[android.arch.work:work-runtime:1.0.1] AndroidManifest.xml:92:13-36
208            android:exported="false" >
208-->[android.arch.work:work-runtime:1.0.1] AndroidManifest.xml:93:13-37
209            <intent-filter>
209-->[android.arch.work:work-runtime:1.0.1] AndroidManifest.xml:95:13-97:29
210                <action android:name="android.net.conn.CONNECTIVITY_CHANGE" />
210-->[android.arch.work:work-runtime:1.0.1] AndroidManifest.xml:96:17-79
210-->[android.arch.work:work-runtime:1.0.1] AndroidManifest.xml:96:25-76
211            </intent-filter>
212        </receiver>
213        <receiver
213-->[android.arch.work:work-runtime:1.0.1] AndroidManifest.xml:99:9-110:20
214            android:name="androidx.work.impl.background.systemalarm.RescheduleReceiver"
214-->[android.arch.work:work-runtime:1.0.1] AndroidManifest.xml:100:13-88
215            android:directBootAware="false"
215-->[android.arch.work:work-runtime:1.0.1] AndroidManifest.xml:101:13-44
216            android:enabled="false"
216-->[android.arch.work:work-runtime:1.0.1] AndroidManifest.xml:102:13-36
217            android:exported="false" >
217-->[android.arch.work:work-runtime:1.0.1] AndroidManifest.xml:103:13-37
218            <intent-filter>
218-->[android.arch.work:work-runtime:1.0.1] AndroidManifest.xml:105:13-109:29
219                <action android:name="android.intent.action.BOOT_COMPLETED" />
219-->[android.arch.work:work-runtime:1.0.1] AndroidManifest.xml:106:17-79
219-->[android.arch.work:work-runtime:1.0.1] AndroidManifest.xml:106:25-76
220                <action android:name="android.intent.action.TIME_SET" />
220-->[android.arch.work:work-runtime:1.0.1] AndroidManifest.xml:107:17-73
220-->[android.arch.work:work-runtime:1.0.1] AndroidManifest.xml:107:25-70
221                <action android:name="android.intent.action.TIMEZONE_CHANGED" />
221-->[android.arch.work:work-runtime:1.0.1] AndroidManifest.xml:108:17-81
221-->[android.arch.work:work-runtime:1.0.1] AndroidManifest.xml:108:25-78
222            </intent-filter>
223        </receiver>
224        <receiver
224-->[android.arch.work:work-runtime:1.0.1] AndroidManifest.xml:111:9-120:20
225            android:name="androidx.work.impl.background.systemalarm.ConstraintProxyUpdateReceiver"
225-->[android.arch.work:work-runtime:1.0.1] AndroidManifest.xml:112:13-99
226            android:directBootAware="false"
226-->[android.arch.work:work-runtime:1.0.1] AndroidManifest.xml:113:13-44
227            android:enabled="@bool/enable_system_alarm_service_default"
227-->[android.arch.work:work-runtime:1.0.1] AndroidManifest.xml:114:13-72
228            android:exported="false" >
228-->[android.arch.work:work-runtime:1.0.1] AndroidManifest.xml:115:13-37
229            <intent-filter>
229-->[android.arch.work:work-runtime:1.0.1] AndroidManifest.xml:117:13-119:29
230                <action android:name="androidx.work.impl.background.systemalarm.UpdateProxies" />
230-->[android.arch.work:work-runtime:1.0.1] AndroidManifest.xml:118:17-98
230-->[android.arch.work:work-runtime:1.0.1] AndroidManifest.xml:118:25-95
231            </intent-filter>
232        </receiver>
233
234        <service
234-->[com.google.android.datatransport:transport-backend-cct:2.2.0] AndroidManifest.xml:29:9-35:19
235            android:name="com.google.android.datatransport.runtime.backends.TransportBackendDiscovery"
235-->[com.google.android.datatransport:transport-backend-cct:2.2.0] AndroidManifest.xml:30:13-103
236            android:exported="false" >
236-->[com.google.android.datatransport:transport-backend-cct:2.2.0] AndroidManifest.xml:31:13-37
237            <meta-data
237-->[com.google.android.datatransport:transport-backend-cct:2.2.0] AndroidManifest.xml:32:13-34:39
238                android:name="backend:com.google.android.datatransport.cct.CctBackendFactory"
238-->[com.google.android.datatransport:transport-backend-cct:2.2.0] AndroidManifest.xml:33:17-94
239                android:value="cct" />
239-->[com.google.android.datatransport:transport-backend-cct:2.2.0] AndroidManifest.xml:34:17-36
240        </service>
241        <service
241-->[com.google.android.datatransport:transport-runtime:2.2.0] AndroidManifest.xml:26:9-30:19
242            android:name="com.google.android.datatransport.runtime.scheduling.jobscheduling.JobInfoSchedulerService"
242-->[com.google.android.datatransport:transport-runtime:2.2.0] AndroidManifest.xml:27:13-117
243            android:exported="false"
243-->[com.google.android.datatransport:transport-runtime:2.2.0] AndroidManifest.xml:28:13-37
244            android:permission="android.permission.BIND_JOB_SERVICE" >
244-->[com.google.android.datatransport:transport-runtime:2.2.0] AndroidManifest.xml:29:13-69
245        </service>
246
247        <receiver
247-->[com.google.android.datatransport:transport-runtime:2.2.0] AndroidManifest.xml:32:9-34:40
248            android:name="com.google.android.datatransport.runtime.scheduling.jobscheduling.AlarmManagerSchedulerBroadcastReceiver"
248-->[com.google.android.datatransport:transport-runtime:2.2.0] AndroidManifest.xml:33:13-132
249            android:exported="false" />
249-->[com.google.android.datatransport:transport-runtime:2.2.0] AndroidManifest.xml:34:13-37
250
251        <service
251-->[androidx.room:room-runtime:2.2.1] AndroidManifest.xml:25:9-27:40
252            android:name="androidx.room.MultiInstanceInvalidationService"
252-->[androidx.room:room-runtime:2.2.1] AndroidManifest.xml:26:13-74
253            android:exported="false" />
253-->[androidx.room:room-runtime:2.2.1] AndroidManifest.xml:27:13-37
254
255        <provider
255-->[androidx.lifecycle:lifecycle-process:2.2.0-rc02] AndroidManifest.xml:25:9-29:43
256            android:name="androidx.lifecycle.ProcessLifecycleOwnerInitializer"
256-->[androidx.lifecycle:lifecycle-process:2.2.0-rc02] AndroidManifest.xml:26:13-79
257            android:authorities="com.google.firebase.quickstart.fcm.lifecycle-process"
257-->[androidx.lifecycle:lifecycle-process:2.2.0-rc02] AndroidManifest.xml:27:13-69
258            android:exported="false"
258-->[androidx.lifecycle:lifecycle-process:2.2.0-rc02] AndroidManifest.xml:28:13-37
259            android:multiprocess="true" />
259-->[androidx.lifecycle:lifecycle-process:2.2.0-rc02] AndroidManifest.xml:29:13-40
260    </application>
261
262</manifest>